build/app/intermediates/manifest_merge_blame_file/debug/manifest-merger-blame-debug-report.txt
1<?xml version="1.0" encoding="utf-8"?>
2<manifest xmlns:android="http://schemas.android.com/apk/res/android"
3    package="com.example.etnafes"
4    android:versionCode="1"
5    android:versionName="1.0.0" >
6
7    <uses-sdk
8        android:minSdkVersion="20"
9        android:targetSdkVersion="30" />
10    <!--
11         Flutter needs it to communicate with the running application
12         to allow setting breakpoints, to provide hot reload, etc.
13    -->
14    <uses-permission android:name="android.permission.INTERNET" />
14-->src\debug\AndroidManifest.xml:6:5-66
14-->src\debug\AndroidManifest.xml:6:22-64
15    <uses-permission android:name="android.permission.FOREGROUND_SERVICE" />
15-->src\main\AndroidManifest.xml:3:6-78
15-->src\main\AndroidManifest.xml:3:23-75
16    <uses-permission android:name="android.permission.ACCESS_BACKGROUND_LOCATION" />
16-->src\main\AndroidManifest.xml:4:9-88
16-->src\main\AndroidManifest.xml:4:26-86
17    <uses-permission android:name="android.permission.ACCESS_COARSE_LOCATION" />
17-->[:flutter_osm_plugin] AndroidManifest.xml:7:5-81
17-->[:flutter_osm_plugin] AndroidManifest.xml:7:22-78
18    <uses-permission android:name="android.permission.ACCESS_FINE_LOCATION" />
18-->[:flutter_osm_plugin] AndroidManifest.xml:8:5-79
18-->[:flutter_osm_plugin] AndroidManifest.xml:8:22-76
19    <uses-permission android:name="android.permission.ACCESS_NETWORK_STATE" />
19-->[:flutter_osm_plugin] AndroidManifest.xml:10:5-79
19-->[:flutter_osm_plugin] AndroidManifest.xml:10:22-76
20    <uses-permission android:name="android.permission.WRITE_EXTERNAL_STORAGE" />
20-->[:flutter_osm_plugin] AndroidManifest.xml:11:5-81
20-->[:flutter_osm_plugin] AndroidManifest.xml:11:22-78
21    <uses-permission android:name="android.permission.READ_EXTERNAL_STORAGE" />
22
23    <uses-feature
23-->[com.google.android.gms:play-services-maps:17.0.0] AndroidManifest.xml:26:5-28:35
24        android:glEsVersion="0x00020000"
24-->[com.google.android.gms:play-services-maps:17.0.0] AndroidManifest.xml:27:9-41
25        android:required="true" />
25-->[com.google.android.gms:play-services-maps:17.0.0] AndroidManifest.xml:28:9-32
26
27    <supports-screens
27-->[org.osmdroid:osmdroid-android:6.1.11] AndroidManifest.xml:11:5-14:40
28        android:anyDensity="true"
28-->[org.osmdroid:osmdroid-android:6.1.11] AndroidManifest.xml:12:9-34
29        android:largeScreens="true"
29-->[org.osmdroid:osmdroid-android:6.1.11] AndroidManifest.xml:13:9-36
30        android:normalScreens="true" />
30-->[org.osmdroid:osmdroid-android:6.1.11] AndroidManifest.xml:14:9-37
31
32    <uses-feature
32-->[org.osmdroid:osmdroid-android:6.1.11] AndroidManifest.xml:16:5-18:36
33        android:name="android.hardware.location.network"
33-->[org.osmdroid:osmdroid-android:6.1.11] AndroidManifest.xml:17:9-57
34        android:required="false" />
34-->[org.osmdroid:osmdroid-android:6.1.11] AndroidManifest.xml:18:9-33
35    <uses-feature
35-->[org.osmdroid:osmdroid-android:6.1.11] AndroidManifest.xml:19:5-21:36
36        android:name="android.hardware.location.gps"
36-->[org.osmdroid:osmdroid-android:6.1.11] AndroidManifest.xml:20:9-53
37        android:required="false" />
37-->[org.osmdroid:osmdroid-android:6.1.11] AndroidManifest.xml:21:9-33
38    <uses-feature
38-->[org.osmdroid:osmdroid-android:6.1.11] AndroidManifest.xml:22:5-24:36
39        android:name="android.hardware.telephony"
39-->[org.osmdroid:osmdroid-android:6.1.11] AndroidManifest.xml:23:9-50
40        android:required="false" />
40-->[org.osmdroid:osmdroid-android:6.1.11] AndroidManifest.xml:24:9-33
41    <uses-feature
41-->[org.osmdroid:osmdroid-android:6.1.11] AndroidManifest.xml:25:5-27:36
42        android:name="android.hardware.wifi"
42-->[org.osmdroid:osmdroid-android:6.1.11] AndroidManifest.xml:26:9-45
43        android:required="false" />
43-->[org.osmdroid:osmdroid-android:6.1.11] AndroidManifest.xml:27:9-33
44
45    <application
45-->src\main\AndroidManifest.xml:5:4-46:19
46        android:name="androidx.multidex.MultiDexApplication"
47        android:appComponentFactory="androidx.core.app.CoreComponentFactory"
47-->[androidx.core:core:1.6.0] AndroidManifest.xml:24:18-86
48        android:debuggable="true"
49        android:icon="@mipmap/ic_launcher"
49-->src\main\AndroidManifest.xml:8:9-43
50        android:label="etnafes" >
50-->src\main\AndroidManifest.xml:7:9-32
51        <meta-data
51-->src\main\AndroidManifest.xml:9:9-10:73
52            android:name="com.google.android.geo.API_KEY"
52-->src\main\AndroidManifest.xml:9:20-65
53            android:value="AIzaSyATyRbVGhyG1XNWPrh5QesJwpv_1t840QA" />
53-->src\main\AndroidManifest.xml:10:16-71
54
55        <activity
55-->src\main\AndroidManifest.xml:12:9-40:20
56            android:name="com.example.etnafes.MainActivity"
56-->src\main\AndroidManifest.xml:13:13-41
57            android:configChanges="orientation|keyboardHidden|keyboard|screenSize|smallestScreenSize|locale|layoutDirection|fontScale|screenLayout|density|uiMode"
57-->src\main\AndroidManifest.xml:16:13-163
58            android:hardwareAccelerated="true"
58-->src\main\AndroidManifest.xml:17:13-47
59            android:launchMode="singleTop"
59-->src\main\AndroidManifest.xml:14:13-43
60            android:theme="@style/LaunchTheme"
60-->src\main\AndroidManifest.xml:15:13-47
61            android:windowSoftInputMode="adjustResize" >
61-->src\main\AndroidManifest.xml:18:13-55
62
63            <!--
64                 Specifies an Android theme to apply to this Activity as soon as
65                 the Android process has started. This theme is visible to the user
66                 while the Flutter UI initializes. After that, this theme continues
67                 to determine the Window background behind the Flutter UI.
68            -->
69            <meta-data
69-->src\main\AndroidManifest.xml:23:13-26:17
70                android:name="io.flutter.embedding.android.NormalTheme"
70-->src\main\AndroidManifest.xml:24:15-70
71                android:resource="@style/NormalTheme" />
71-->src\main\AndroidManifest.xml:25:15-52
72            <!--
73                 Displays an Android View that continues showing the launch screen
74                 Drawable until Flutter paints its first frame, then this splash
75                 screen fades out. A splash screen is useful to avoid any visual
76                 gap between the end of Android's launch screen and the painting of
77                 Flutter's first frame.
78            -->
79            <meta-data
79-->src\main\AndroidManifest.xml:32:13-35:17
80                android:name="io.flutter.embedding.android.SplashScreenDrawable"
80-->src\main\AndroidManifest.xml:33:15-79
81                android:resource="@drawable/launch_background" />
81-->src\main\AndroidManifest.xml:34:15-61
82
83            <intent-filter>
83-->src\main\AndroidManifest.xml:36:13-39:29
84                <action android:name="android.intent.action.MAIN" />
84-->src\main\AndroidManifest.xml:37:17-68
84-->src\main\AndroidManifest.xml:37:25-66
85
86                <category android:name="android.intent.category.LAUNCHER" />
86-->src\main\AndroidManifest.xml:38:17-76
86-->src\main\AndroidManifest.xml:38:27-74
87            </intent-filter>
88        </activity>
89        <!--
90             Don't delete the meta-data below.
91             This is used by the Flutter tool to generate GeneratedPluginRegistrant.java
92        -->
93        <meta-data
93-->src\main\AndroidManifest.xml:43:9-45:33
94            android:name="flutterEmbedding"
94-->src\main\AndroidManifest.xml:44:13-44
95            android:value="2" />
95-->src\main\AndroidManifest.xml:45:13-30
96
97        <provider
97-->[:image_picker] AndroidManifest.xml:8:9-16:20
98            android:name="io.flutter.plugins.imagepicker.ImagePickerFileProvider"
98-->[:image_picker] AndroidManifest.xml:9:13-82
99            android:authorities="com.example.etnafes.flutter.image_provider"
99-->[:image_picker] AndroidManifest.xml:10:13-74
100            android:exported="false"
100-->[:image_picker] AndroidManifest.xml:11:13-37
101            android:grantUriPermissions="true" >
101-->[:image_picker] AndroidManifest.xml:12:13-47
102            <meta-data
102-->[:image_picker] AndroidManifest.xml:13:13-15:75
103                android:name="android.support.FILE_PROVIDER_PATHS"
103-->[:image_picker] AndroidManifest.xml:14:17-67
104                android:resource="@xml/flutter_image_picker_file_paths" />
104-->[:image_picker] AndroidManifest.xml:15:17-72
105        </provider>
106
107        <activity
107-->[:url_launcher] AndroidManifest.xml:8:9-11:74
108            android:name="io.flutter.plugins.urllauncher.WebViewActivity"
108-->[:url_launcher] AndroidManifest.xml:9:13-74
109            android:exported="false"
109-->[:url_launcher] AndroidManifest.xml:10:13-37
110            android:theme="@android:style/Theme.NoTitleBar.Fullscreen" />
110-->[:url_launcher] AndroidManifest.xml:11:13-71
111
112        <service
112-->[:location] AndroidManifest.xml:11:9-15:56
113            android:name="com.lyokone.location.FlutterLocationService"
113-->[:location] AndroidManifest.xml:12:13-71
114            android:enabled="true"
114-->[:location] AndroidManifest.xml:13:13-35
115            android:exported="false"
115-->[:location] AndroidManifest.xml:14:13-37
116            android:foregroundServiceType="location" />
116-->[:location] AndroidManifest.xml:15:13-53
117
118        <provider
118-->[com.squareup.picasso:picasso:2.71828] AndroidManifest.xml:8:9-11:40
119            android:name="com.squareup.picasso.PicassoProvider"
119-->[com.squareup.picasso:picasso:2.71828] AndroidManifest.xml:9:13-64
120            android:authorities="com.example.etnafes.com.squareup.picasso"
120-->[com.squareup.picasso:picasso:2.71828] AndroidManifest.xml:10:13-72
121            android:exported="false" /> <!-- Needs to be explicitly declared on P+ -->
121-->[com.squareup.picasso:picasso:2.71828] AndroidManifest.xml:11:13-37
122        <uses-library
122-->[com.google.android.gms:play-services-maps:17.0.0] AndroidManifest.xml:33:9-35:40
123            android:name="org.apache.http.legacy"
123-->[com.google.android.gms:play-services-maps:17.0.0] AndroidManifest.xml:34:13-50
124            android:required="false" />
124-->[com.google.android.gms:play-services-maps:17.0.0] AndroidManifest.xml:35:13-37
125
126        <activity
126-->[com.google.android.gms:play-services-base:17.0.0] AndroidManifest.xml:23:9-26:75
127            android:name="com.google.android.gms.common.api.GoogleApiActivity"
127-->[com.google.android.gms:play-services-base:17.0.0] AndroidManifest.xml:24:13-79
128            android:exported="false"
128-->[com.google.android.gms:play-services-base:17.0.0] AndroidManifest.xml:25:13-37
129            android:theme="@android:style/Theme.Translucent.NoTitleBar" />
129-->[com.google.android.gms:play-services-base:17.0.0] AndroidManifest.xml:26:13-72
130
131        <meta-data
131-->[com.google.android.gms:play-services-basement:17.0.0] AndroidManifest.xml:23:9-25:69
132            android:name="com.google.android.gms.version"
132-->[com.google.android.gms:play-services-basement:17.0.0] AndroidManifest.xml:24:13-58
133            android:value="@integer/google_play_services_version" />
133-->[com.google.android.gms:play-services-basement:17.0.0] AndroidManifest.xml:25:13-66
134    </application>
135
136</manifest>